This file contains any messages produced by compilers while
running configure, to aid debugging if configure makes a mistake.

It was created by glm configure 0.3.1, which was
generated by GNU Autoconf 2.69.  Invocation command line was

  $ ./configure --enable-maintainer-mode

## --------- ##
## Platform. ##
## --------- ##

hostname = localhost.localdomain
uname -m = x86_64
uname -r = 3.16.2-200.fc20.x86_64
uname -s = Linux
uname -v = #1 SMP Mon Sep 8 11:54:45 UTC 2014

/usr/bin/uname -p = x86_64
/bin/uname -X     = unknown

/bin/arch              = x86_64
/usr/bin/arch -k       = unknown
/usr/convex/getsysinfo = unknown
/usr/bin/hostinfo      = unknown
/bin/machine           = unknown
/usr/bin/oslevel       = unknown
/bin/universe          = unknown

PATH: /usr/lib64/qt-3.3/bin
PATH: /usr/libexec/lightdm
PATH: /usr/local/bin
PATH: /usr/bin
PATH: /bin
PATH: /usr/local/sbin
PATH: /usr/sbin
PATH: /home/ninhld/.local/bin
PATH: /home/ninhld/bin


## ----------- ##
## Core tests. ##
## ----------- ##

configure:2423: checking build system type
configure:2437: result: x86_64-redhat-linux-gnu
configure:2457: checking host system type
configure:2470: result: x86_64-redhat-linux-gnu
configure:2490: checking target system type
configure:2503: result: x86_64-redhat-linux-gnu
configure:2545: checking for a BSD-compatible install
configure:2613: result: /usr/bin/install -c
configure:2624: checking whether build environment is sane
configure:2679: result: yes
configure:2717: WARNING: 'missing' script is too old or missing
configure:2830: checking for a thread-safe mkdir -p
configure:2869: result: /usr/bin/mkdir -p
configure:2876: checking for gawk
configure:2892: found /usr/bin/gawk
configure:2903: result: gawk
configure:2914: checking whether make sets $(MAKE)
configure:2936: result: yes
configure:2965: checking whether make supports nested variables
configure:2982: result: yes
configure:3118: checking for gcc
configure:3134: found /usr/bin/gcc
configure:3145: result: gcc
configure:3374: checking for C compiler version
configure:3383: gcc --version >&5
gcc (GCC) 4.8.3 20140624 (Red Hat 4.8.3-1)
Copyright (C) 2013 Free Software Foundation, Inc.
This is free software; see the source for copying conditions.  There is NO
warranty; not even for MERCHANTABILITY or FITNESS FOR A PARTICULAR PURPOSE.

configure:3394: $? = 0
configure:3383: gcc -v >&5
Using built-in specs.
COLLECT_GCC=gcc
COLLECT_LTO_WRAPPER=/usr/libexec/gcc/x86_64-redhat-linux/4.8.3/lto-wrapper
Target: x86_64-redhat-linux
Configured with: ../configure --prefix=/usr --mandir=/usr/share/man --infodir=/usr/share/info --with-bugurl=http://bugzilla.redhat.com/bugzilla --enable-bootstrap --enable-shared --enable-threads=posix --enable-checking=release --with-system-zlib --enable-__cxa_atexit --disable-libunwind-exceptions --enable-gnu-unique-object --enable-linker-build-id --with-linker-hash-style=gnu --enable-languages=c,c++,objc,obj-c++,java,fortran,ada,go,lto --enable-plugin --enable-initfini-array --enable-java-awt=gtk --disable-dssi --with-java-home=/usr/lib/jvm/java-1.5.0-gcj-1.5.0.0/jre --enable-libgcj-multifile --enable-java-maintainer-mode --with-ecj-jar=/usr/share/java/eclipse-ecj.jar --disable-libjava-multilib --with-isl=/builddir/build/BUILD/gcc-4.8.3-20140624/obj-x86_64-redhat-linux/isl-install --with-cloog=/builddir/build/BUILD/gcc-4.8.3-20140624/obj-x86_64-redhat-linux/cloog-install --with-tune=generic --with-arch_32=i686 --build=x86_64-redhat-linux
Thread model: posix
gcc version 4.8.3 20140624 (Red Hat 4.8.3-1) (GCC) 
configure:3394: $? = 0
configure:3383: gcc -V >&5
gcc: error: unrecognized command line option '-V'
gcc: fatal error: no input files
compilation terminated.
configure:3394: $? = 4
configure:3383: gcc -qversion >&5
gcc: error: unrecognized command line option '-qversion'
gcc: fatal error: no input files
compilation terminated.
configure:3394: $? = 4
configure:3414: checking whether the C compiler works
configure:3436: gcc    conftest.c  >&5
configure:3440: $? = 0
configure:3488: result: yes
configure:3491: checking for C compiler default output file name
configure:3493: result: a.out
configure:3499: checking for suffix of executables
configure:3506: gcc -o conftest    conftest.c  >&5
configure:3510: $? = 0
configure:3532: result: 
configure:3554: checking whether we are cross compiling
configure:3562: gcc -o conftest    conftest.c  >&5
configure:3566: $? = 0
configure:3573: ./conftest
configure:3577: $? = 0
configure:3592: result: no
configure:3597: checking for suffix of object files
configure:3619: gcc -c   conftest.c >&5
configure:3623: $? = 0
configure:3644: result: o
configure:3648: checking whether we are using the GNU C compiler
configure:3667: gcc -c   conftest.c >&5
configure:3667: $? = 0
configure:3676: result: yes
configure:3685: checking whether gcc accepts -g
configure:3705: gcc -c -g  conftest.c >&5
configure:3705: $? = 0
configure:3746: result: yes
configure:3763: checking for gcc option to accept ISO C89
configure:3826: gcc  -c -g -O2  conftest.c >&5
configure:3826: $? = 0
configure:3839: result: none needed
configure:3870: checking for style of include used by make
configure:3898: result: GNU
configure:3924: checking dependency style of gcc
configure:4035: result: gcc3
configure:4051: checking whether gcc and cc understand -c and -o together
configure:4082: gcc -c conftest.c -o conftest2.o >&5
configure:4086: $? = 0
configure:4092: gcc -c conftest.c -o conftest2.o >&5
configure:4096: $? = 0
configure:4107: cc -c conftest.c >&5
configure:4111: $? = 0
configure:4119: cc -c conftest.c -o conftest2.o >&5
configure:4123: $? = 0
configure:4129: cc -c conftest.c -o conftest2.o >&5
configure:4133: $? = 0
configure:4151: result: yes
configure:4178: checking for inline
configure:4194: gcc -c -g -O2  conftest.c >&5
configure:4194: $? = 0
configure:4202: result: inline
configure:4298: checking what warning flags to pass to the C compiler
configure:4300: result: -Wall -Wmissing-prototypes
configure:4311: checking what language compliance flags to pass to the C compiler
configure:4326: result: 
configure:4412: checking how to print strings
configure:4439: result: printf
configure:4460: checking for a sed that does not truncate output
configure:4524: result: /usr/bin/sed
configure:4542: checking for grep that handles long lines and -e
configure:4600: result: /usr/bin/grep
configure:4605: checking for egrep
configure:4667: result: /usr/bin/grep -E
configure:4672: checking for fgrep
configure:4734: result: /usr/bin/grep -F
configure:4769: checking for ld used by gcc
configure:4836: result: /usr/bin/ld
configure:4843: checking if the linker (/usr/bin/ld) is GNU ld
configure:4858: result: yes
configure:4870: checking for BSD- or MS-compatible name lister (nm)
configure:4919: result: /usr/bin/nm -B
configure:5049: checking the name lister (/usr/bin/nm -B) interface
configure:5056: gcc -c -g -O2  conftest.c >&5
configure:5059: /usr/bin/nm -B "conftest.o"
configure:5062: output
0000000000000000 B some_variable
configure:5069: result: BSD nm
configure:5072: checking whether ln -s works
configure:5076: result: yes
configure:5084: checking the maximum length of command line arguments
configure:5214: result: 1572864
configure:5231: checking whether the shell understands some XSI constructs
configure:5241: result: yes
configure:5245: checking whether the shell understands "+="
configure:5251: result: yes
configure:5286: checking how to convert x86_64-redhat-linux-gnu file names to x86_64-redhat-linux-gnu format
configure:5326: result: func_convert_file_noop
configure:5333: checking how to convert x86_64-redhat-linux-gnu file names to toolchain format
configure:5353: result: func_convert_file_noop
configure:5360: checking for /usr/bin/ld option to reload object files
configure:5367: result: -r
configure:5441: checking for objdump
configure:5457: found /usr/bin/objdump
configure:5468: result: objdump
configure:5500: checking how to recognize dependent libraries
configure:5702: result: pass_all
configure:5787: checking for dlltool
configure:5817: result: no
configure:5847: checking how to associate runtime and link libraries
configure:5874: result: printf %s\n
configure:5934: checking for ar
configure:5950: found /usr/bin/ar
configure:5961: result: ar
configure:5998: checking for archiver @FILE support
configure:6015: gcc -c -g -O2  conftest.c >&5
configure:6015: $? = 0
configure:6018: ar cru libconftest.a @conftest.lst >&5
configure:6021: $? = 0
configure:6026: ar cru libconftest.a @conftest.lst >&5
ar: conftest.o: No such file or directory
configure:6029: $? = 1
configure:6041: result: @
configure:6099: checking for strip
configure:6115: found /usr/bin/strip
configure:6126: result: strip
configure:6198: checking for ranlib
configure:6214: found /usr/bin/ranlib
configure:6225: result: ranlib
configure:6327: checking command to parse /usr/bin/nm -B output from gcc object
configure:6447: gcc -c -g -O2  conftest.c >&5
configure:6450: $? = 0
configure:6454: /usr/bin/nm -B conftest.o \| sed -n -e 's/^.*[ ]\([ABCDGIRSTW][ABCDGIRSTW]*\)[ ][ ]*\([_A-Za-z][_A-Za-z0-9]*\)$/\1 \2 \2/p' | sed '/ __gnu_lto/d' \> conftest.nm
configure:6457: $? = 0
configure:6523: gcc -o conftest -g -O2   conftest.c conftstm.o >&5
configure:6526: $? = 0
configure:6564: result: ok
configure:6601: checking for sysroot
configure:6631: result: no
configure:6708: gcc -c -g -O2  conftest.c >&5
configure:6711: $? = 0
configure:6893: checking for mt
configure:6923: result: no
configure:6943: checking if : is a manifest tool
configure:6949: : '-?'
configure:6957: result: no
configure:7599: checking how to run the C preprocessor
configure:7630: gcc -E  conftest.c
configure:7630: $? = 0
configure:7644: gcc -E  conftest.c
conftest.c:11:28: fatal error: ac_nonexistent.h: No such file or directory
 #include <ac_nonexistent.h>
                            ^
compilation terminated.
configure:7644: $? = 1
configure: failed program was:
| /* confdefs.h */
| #define PACKAGE_NAME "glm"
| #define PACKAGE_TARNAME "glm"
| #define PACKAGE_VERSION "0.3.1"
| #define PACKAGE_STRING "glm 0.3.1"
| #define PACKAGE_BUGREPORT ""
| #define PACKAGE_URL ""
| #define PACKAGE "glm"
| #define VERSION "0.3.1"
| /* end confdefs.h.  */
| #include <ac_nonexistent.h>
configure:7669: result: gcc -E
configure:7689: gcc -E  conftest.c
configure:7689: $? = 0
configure:7703: gcc -E  conftest.c
conftest.c:11:28: fatal error: ac_nonexistent.h: No such file or directory
 #include <ac_nonexistent.h>
                            ^
compilation terminated.
configure:7703: $? = 1
configure: failed program was:
| /* confdefs.h */
| #define PACKAGE_NAME "glm"
| #define PACKAGE_TARNAME "glm"
| #define PACKAGE_VERSION "0.3.1"
| #define PACKAGE_STRING "glm 0.3.1"
| #define PACKAGE_BUGREPORT ""
| #define PACKAGE_URL ""
| #define PACKAGE "glm"
| #define VERSION "0.3.1"
| /* end confdefs.h.  */
| #include <ac_nonexistent.h>
configure:7732: checking for ANSI C header files
configure:7752: gcc -c -g -O2  conftest.c >&5
configure:7752: $? = 0
configure:7825: gcc -o conftest -g -O2   conftest.c  >&5
configure:7825: $? = 0
configure:7825: ./conftest
configure:7825: $? = 0
configure:7836: result: yes
configure:7849: checking for sys/types.h
configure:7849: gcc -c -g -O2  conftest.c >&5
configure:7849: $? = 0
configure:7849: result: yes
configure:7849: checking for sys/stat.h
configure:7849: gcc -c -g -O2  conftest.c >&5
configure:7849: $? = 0
configure:7849: result: yes
configure:7849: checking for stdlib.h
configure:7849: gcc -c -g -O2  conftest.c >&5
configure:7849: $? = 0
configure:7849: result: yes
configure:7849: checking for string.h
configure:7849: gcc -c -g -O2  conftest.c >&5
configure:7849: $? = 0
configure:7849: result: yes
configure:7849: checking for memory.h
configure:7849: gcc -c -g -O2  conftest.c >&5
configure:7849: $? = 0
configure:7849: result: yes
configure:7849: checking for strings.h
configure:7849: gcc -c -g -O2  conftest.c >&5
configure:7849: $? = 0
configure:7849: result: yes
configure:7849: checking for inttypes.h
configure:7849: gcc -c -g -O2  conftest.c >&5
configure:7849: $? = 0
configure:7849: result: yes
configure:7849: checking for stdint.h
configure:7849: gcc -c -g -O2  conftest.c >&5
configure:7849: $? = 0
configure:7849: result: yes
configure:7849: checking for unistd.h
configure:7849: gcc -c -g -O2  conftest.c >&5
configure:7849: $? = 0
configure:7849: result: yes
configure:7863: checking for dlfcn.h
configure:7863: gcc -c -g -O2  conftest.c >&5
configure:7863: $? = 0
configure:7863: result: yes
configure:8039: checking for objdir
configure:8054: result: .libs
configure:8325: checking if gcc supports -fno-rtti -fno-exceptions
configure:8343: gcc -c -g -O2  -fno-rtti -fno-exceptions conftest.c >&5
cc1: warning: command line option '-fno-rtti' is valid for C++/ObjC++ but not for C [enabled by default]
configure:8347: $? = 0
configure:8360: result: no
configure:8687: checking for gcc option to produce PIC
configure:8694: result: -fPIC -DPIC
configure:8702: checking if gcc PIC flag -fPIC -DPIC works
configure:8720: gcc -c -g -O2  -fPIC -DPIC -DPIC conftest.c >&5
configure:8724: $? = 0
configure:8737: result: yes
configure:8766: checking if gcc static flag -static works
configure:8794: result: yes
configure:8809: checking if gcc supports -c -o file.o
configure:8830: gcc -c -g -O2  -o out/conftest2.o conftest.c >&5
configure:8834: $? = 0
configure:8856: result: yes
configure:8864: checking if gcc supports -c -o file.o
configure:8911: result: yes
configure:8944: checking whether the gcc linker (/usr/bin/ld -m elf_x86_64) supports shared libraries
configure:10097: result: yes
configure:10337: checking dynamic linker characteristics
configure:10848: gcc -o conftest -g -O2   -Wl,-rpath -Wl,/foo conftest.c  >&5
configure:10848: $? = 0
configure:11074: result: GNU/Linux ld.so
configure:11181: checking how to hardcode library paths into programs
configure:11206: result: immediate
configure:11746: checking whether stripping libraries is possible
configure:11751: result: yes
configure:11786: checking if libtool supports shared libraries
configure:11788: result: yes
configure:11791: checking whether to build shared libraries
configure:11812: result: no
configure:11815: checking whether to build static libraries
configure:11819: result: yes
configure:11859: checking for strdup
configure:11859: gcc -o conftest -g -O2   conftest.c  >&5
conftest.c:46:6: warning: conflicting types for built-in function 'strdup' [enabled by default]
 char strdup ();
      ^
configure:11859: $? = 0
configure:11859: result: yes
configure:11869: checking for X
configure:11977: gcc -E  conftest.c
configure:11977: $? = 0
configure:12008: gcc -o conftest -g -O2   conftest.c -lX11  >&5
configure:12008: $? = 0
configure:12058: result: libraries , headers 
configure:12180: checking for the pthreads library -lpthreads
configure:12213: gcc -o conftest -g -O2    conftest.c -lpthreads  >&5
/usr/bin/ld: cannot find -lpthreads
collect2: error: ld returned 1 exit status
configure:12213: $? = 1
configure: failed program was:
| /* confdefs.h */
| #define PACKAGE_NAME "glm"
| #define PACKAGE_TARNAME "glm"
| #define PACKAGE_VERSION "0.3.1"
| #define PACKAGE_STRING "glm 0.3.1"
| #define PACKAGE_BUGREPORT ""
| #define PACKAGE_URL ""
| #define PACKAGE "glm"
| #define VERSION "0.3.1"
| #define STDC_HEADERS 1
| #define HAVE_SYS_TYPES_H 1
| #define HAVE_SYS_STAT_H 1
| #define HAVE_STDLIB_H 1
| #define HAVE_STRING_H 1
| #define HAVE_MEMORY_H 1
| #define HAVE_STRINGS_H 1
| #define HAVE_INTTYPES_H 1
| #define HAVE_STDINT_H 1
| #define HAVE_UNISTD_H 1
| #define HAVE_DLFCN_H 1
| #define LT_OBJDIR ".libs/"
| #define HAVE_STRDUP 1
| /* end confdefs.h.  */
| #include <pthread.h>
| int
| main ()
| {
| pthread_t th; pthread_join(th, 0);
|                      pthread_attr_init(0); pthread_cleanup_push(0, 0);
|                      pthread_create(0,0,0,0); pthread_cleanup_pop(0);
|   ;
|   return 0;
| }
configure:12222: result: no
configure:12169: checking whether pthreads work without any flags
configure:12213: gcc -o conftest -g -O2    conftest.c   >&5
/tmp/ccycgke7.o: In function `main':
/home/ninhld/Documents/OpenGL/Research/lib3ds-model/glm/glm-0.3.1/conftest.c:28: undefined reference to `pthread_join'
/home/ninhld/Documents/OpenGL/Research/lib3ds-model/glm/glm-0.3.1/conftest.c:29: undefined reference to `__pthread_register_cancel'
/home/ninhld/Documents/OpenGL/Research/lib3ds-model/glm/glm-0.3.1/conftest.c:30: undefined reference to `pthread_create'
/home/ninhld/Documents/OpenGL/Research/lib3ds-model/glm/glm-0.3.1/conftest.c:30: undefined reference to `__pthread_unregister_cancel'
collect2: error: ld returned 1 exit status
configure:12213: $? = 1
configure: failed program was:
| /* confdefs.h */
| #define PACKAGE_NAME "glm"
| #define PACKAGE_TARNAME "glm"
| #define PACKAGE_VERSION "0.3.1"
| #define PACKAGE_STRING "glm 0.3.1"
| #define PACKAGE_BUGREPORT ""
| #define PACKAGE_URL ""
| #define PACKAGE "glm"
| #define VERSION "0.3.1"
| #define STDC_HEADERS 1
| #define HAVE_SYS_TYPES_H 1
| #define HAVE_SYS_STAT_H 1
| #define HAVE_STDLIB_H 1
| #define HAVE_STRING_H 1
| #define HAVE_MEMORY_H 1
| #define HAVE_STRINGS_H 1
| #define HAVE_INTTYPES_H 1
| #define HAVE_STDINT_H 1
| #define HAVE_UNISTD_H 1
| #define HAVE_DLFCN_H 1
| #define LT_OBJDIR ".libs/"
| #define HAVE_STRDUP 1
| /* end confdefs.h.  */
| #include <pthread.h>
| int
| main ()
| {
| pthread_t th; pthread_join(th, 0);
|                      pthread_attr_init(0); pthread_cleanup_push(0, 0);
|                      pthread_create(0,0,0,0); pthread_cleanup_pop(0);
|   ;
|   return 0;
| }
configure:12222: result: no
configure:12174: checking whether pthreads work with -Kthread
configure:12213: gcc -o conftest -g -O2 -Kthread   conftest.c   >&5
gcc: error: unrecognized command line option '-Kthread'
configure:12213: $? = 1
configure: failed program was:
| /* confdefs.h */
| #define PACKAGE_NAME "glm"
| #define PACKAGE_TARNAME "glm"
| #define PACKAGE_VERSION "0.3.1"
| #define PACKAGE_STRING "glm 0.3.1"
| #define PACKAGE_BUGREPORT ""
| #define PACKAGE_URL ""
| #define PACKAGE "glm"
| #define VERSION "0.3.1"
| #define STDC_HEADERS 1
| #define HAVE_SYS_TYPES_H 1
| #define HAVE_SYS_STAT_H 1
| #define HAVE_STDLIB_H 1
| #define HAVE_STRING_H 1
| #define HAVE_MEMORY_H 1
| #define HAVE_STRINGS_H 1
| #define HAVE_INTTYPES_H 1
| #define HAVE_STDINT_H 1
| #define HAVE_UNISTD_H 1
| #define HAVE_DLFCN_H 1
| #define LT_OBJDIR ".libs/"
| #define HAVE_STRDUP 1
| /* end confdefs.h.  */
| #include <pthread.h>
| int
| main ()
| {
| pthread_t th; pthread_join(th, 0);
|                      pthread_attr_init(0); pthread_cleanup_push(0, 0);
|                      pthread_create(0,0,0,0); pthread_cleanup_pop(0);
|   ;
|   return 0;
| }
configure:12222: result: no
configure:12174: checking whether pthreads work with -kthread
configure:12213: gcc -o conftest -g -O2 -kthread   conftest.c   >&5
gcc: error: unrecognized command line option '-kthread'
configure:12213: $? = 1
configure: failed program was:
| /* confdefs.h */
| #define PACKAGE_NAME "glm"
| #define PACKAGE_TARNAME "glm"
| #define PACKAGE_VERSION "0.3.1"
| #define PACKAGE_STRING "glm 0.3.1"
| #define PACKAGE_BUGREPORT ""
| #define PACKAGE_URL ""
| #define PACKAGE "glm"
| #define VERSION "0.3.1"
| #define STDC_HEADERS 1
| #define HAVE_SYS_TYPES_H 1
| #define HAVE_SYS_STAT_H 1
| #define HAVE_STDLIB_H 1
| #define HAVE_STRING_H 1
| #define HAVE_MEMORY_H 1
| #define HAVE_STRINGS_H 1
| #define HAVE_INTTYPES_H 1
| #define HAVE_STDINT_H 1
| #define HAVE_UNISTD_H 1
| #define HAVE_DLFCN_H 1
| #define LT_OBJDIR ".libs/"
| #define HAVE_STRDUP 1
| /* end confdefs.h.  */
| #include <pthread.h>
| int
| main ()
| {
| pthread_t th; pthread_join(th, 0);
|                      pthread_attr_init(0); pthread_cleanup_push(0, 0);
|                      pthread_create(0,0,0,0); pthread_cleanup_pop(0);
|   ;
|   return 0;
| }
configure:12222: result: no
configure:12180: checking for the pthreads library -llthread
configure:12213: gcc -o conftest -g -O2    conftest.c -llthread  >&5
/usr/bin/ld: cannot find -llthread
collect2: error: ld returned 1 exit status
configure:12213: $? = 1
configure: failed program was:
| /* confdefs.h */
| #define PACKAGE_NAME "glm"
| #define PACKAGE_TARNAME "glm"
| #define PACKAGE_VERSION "0.3.1"
| #define PACKAGE_STRING "glm 0.3.1"
| #define PACKAGE_BUGREPORT ""
| #define PACKAGE_URL ""
| #define PACKAGE "glm"
| #define VERSION "0.3.1"
| #define STDC_HEADERS 1
| #define HAVE_SYS_TYPES_H 1
| #define HAVE_SYS_STAT_H 1
| #define HAVE_STDLIB_H 1
| #define HAVE_STRING_H 1
| #define HAVE_MEMORY_H 1
| #define HAVE_STRINGS_H 1
| #define HAVE_INTTYPES_H 1
| #define HAVE_STDINT_H 1
| #define HAVE_UNISTD_H 1
| #define HAVE_DLFCN_H 1
| #define LT_OBJDIR ".libs/"
| #define HAVE_STRDUP 1
| /* end confdefs.h.  */
| #include <pthread.h>
| int
| main ()
| {
| pthread_t th; pthread_join(th, 0);
|                      pthread_attr_init(0); pthread_cleanup_push(0, 0);
|                      pthread_create(0,0,0,0); pthread_cleanup_pop(0);
|   ;
|   return 0;
| }
configure:12222: result: no
configure:12174: checking whether pthreads work with -pthread
configure:12213: gcc -o conftest -g -O2 -pthread   conftest.c   >&5
configure:12213: $? = 0
configure:12222: result: yes
configure:12242: checking for joinable pthread attribute
configure:12255: gcc -o conftest -g -O2 -pthread   conftest.c   >&5
configure:12255: $? = 0
configure:12287: result: PTHREAD_CREATE_JOINABLE
configure:12294: checking if more special flags are required for pthreads
configure:12301: result: no
configure:12313: checking for cc_r
configure:12341: result: gcc
configure:12399: checking whether we are using the Microsoft C compiler
configure:12418: gcc -c -g -O2  conftest.c >&5
conftest.c: In function 'main':
conftest.c:30:8: error: unknown type name 'choke'
        choke me
        ^
configure:12418: $? = 1
configure: failed program was:
| /* confdefs.h */
| #define PACKAGE_NAME "glm"
| #define PACKAGE_TARNAME "glm"
| #define PACKAGE_VERSION "0.3.1"
| #define PACKAGE_STRING "glm 0.3.1"
| #define PACKAGE_BUGREPORT ""
| #define PACKAGE_URL ""
| #define PACKAGE "glm"
| #define VERSION "0.3.1"
| #define STDC_HEADERS 1
| #define HAVE_SYS_TYPES_H 1
| #define HAVE_SYS_STAT_H 1
| #define HAVE_STDLIB_H 1
| #define HAVE_STRING_H 1
| #define HAVE_MEMORY_H 1
| #define HAVE_STRINGS_H 1
| #define HAVE_INTTYPES_H 1
| #define HAVE_STDINT_H 1
| #define HAVE_UNISTD_H 1
| #define HAVE_DLFCN_H 1
| #define LT_OBJDIR ".libs/"
| #define HAVE_STRDUP 1
| #define HAVE_PTHREAD 1
| /* end confdefs.h.  */
| 
| int
| main ()
| {
| #ifndef _MSC_VER
|        choke me
| #endif
| 
|   ;
|   return 0;
| }
configure:12427: result: no
configure:12449: checking windows.h usability
configure:12449: gcc -c -g -O2  conftest.c >&5
conftest.c:58:21: fatal error: windows.h: No such file or directory
 #include <windows.h>
                     ^
compilation terminated.
configure:12449: $? = 1
configure: failed program was:
| /* confdefs.h */
| #define PACKAGE_NAME "glm"
| #define PACKAGE_TARNAME "glm"
| #define PACKAGE_VERSION "0.3.1"
| #define PACKAGE_STRING "glm 0.3.1"
| #define PACKAGE_BUGREPORT ""
| #define PACKAGE_URL ""
| #define PACKAGE "glm"
| #define VERSION "0.3.1"
| #define STDC_HEADERS 1
| #define HAVE_SYS_TYPES_H 1
| #define HAVE_SYS_STAT_H 1
| #define HAVE_STDLIB_H 1
| #define HAVE_STRING_H 1
| #define HAVE_MEMORY_H 1
| #define HAVE_STRINGS_H 1
| #define HAVE_INTTYPES_H 1
| #define HAVE_STDINT_H 1
| #define HAVE_UNISTD_H 1
| #define HAVE_DLFCN_H 1
| #define LT_OBJDIR ".libs/"
| #define HAVE_STRDUP 1
| #define HAVE_PTHREAD 1
| /* end confdefs.h.  */
| #include <stdio.h>
| #ifdef HAVE_SYS_TYPES_H
| # include <sys/types.h>
| #endif
| #ifdef HAVE_SYS_STAT_H
| # include <sys/stat.h>
| #endif
| #ifdef STDC_HEADERS
| # include <stdlib.h>
| # include <stddef.h>
| #else
| # ifdef HAVE_STDLIB_H
| #  include <stdlib.h>
| # endif
| #endif
| #ifdef HAVE_STRING_H
| # if !defined STDC_HEADERS && defined HAVE_MEMORY_H
| #  include <memory.h>
| # endif
| # include <string.h>
| #endif
| #ifdef HAVE_STRINGS_H
| # include <strings.h>
| #endif
| #ifdef HAVE_INTTYPES_H
| # include <inttypes.h>
| #endif
| #ifdef HAVE_STDINT_H
| # include <stdint.h>
| #endif
| #ifdef HAVE_UNISTD_H
| # include <unistd.h>
| #endif
| #include <windows.h>
configure:12449: result: no
configure:12449: checking windows.h presence
configure:12449: gcc -E  conftest.c
conftest.c:25:21: fatal error: windows.h: No such file or directory
 #include <windows.h>
                     ^
compilation terminated.
configure:12449: $? = 1
configure: failed program was:
| /* confdefs.h */
| #define PACKAGE_NAME "glm"
| #define PACKAGE_TARNAME "glm"
| #define PACKAGE_VERSION "0.3.1"
| #define PACKAGE_STRING "glm 0.3.1"
| #define PACKAGE_BUGREPORT ""
| #define PACKAGE_URL ""
| #define PACKAGE "glm"
| #define VERSION "0.3.1"
| #define STDC_HEADERS 1
| #define HAVE_SYS_TYPES_H 1
| #define HAVE_SYS_STAT_H 1
| #define HAVE_STDLIB_H 1
| #define HAVE_STRING_H 1
| #define HAVE_MEMORY_H 1
| #define HAVE_STRINGS_H 1
| #define HAVE_INTTYPES_H 1
| #define HAVE_STDINT_H 1
| #define HAVE_UNISTD_H 1
| #define HAVE_DLFCN_H 1
| #define LT_OBJDIR ".libs/"
| #define HAVE_STRDUP 1
| #define HAVE_PTHREAD 1
| /* end confdefs.h.  */
| #include <windows.h>
configure:12449: result: no
configure:12449: checking for windows.h
configure:12449: result: no
configure:12460: checking for OpenGL library
configure:12493: gcc -o conftest -g -O2 -pthread   conftest.c -lopengl32  -lm  >&5
/usr/bin/ld: cannot find -lopengl32
collect2: error: ld returned 1 exit status
configure:12493: $? = 1
configure: failed program was:
| /* confdefs.h */
| #define PACKAGE_NAME "glm"
| #define PACKAGE_TARNAME "glm"
| #define PACKAGE_VERSION "0.3.1"
| #define PACKAGE_STRING "glm 0.3.1"
| #define PACKAGE_BUGREPORT ""
| #define PACKAGE_URL ""
| #define PACKAGE "glm"
| #define VERSION "0.3.1"
| #define STDC_HEADERS 1
| #define HAVE_SYS_TYPES_H 1
| #define HAVE_SYS_STAT_H 1
| #define HAVE_STDLIB_H 1
| #define HAVE_STRING_H 1
| #define HAVE_MEMORY_H 1
| #define HAVE_STRINGS_H 1
| #define HAVE_INTTYPES_H 1
| #define HAVE_STDINT_H 1
| #define HAVE_UNISTD_H 1
| #define HAVE_DLFCN_H 1
| #define LT_OBJDIR ".libs/"
| #define HAVE_STRDUP 1
| #define HAVE_PTHREAD 1
| /* end confdefs.h.  */
| 
| # if HAVE_WINDOWS_H && defined(_WIN32)
| #   include <windows.h>
| # endif
| # include <GL/gl.h>
| int
| main ()
| {
| glBegin(0)
|   ;
|   return 0;
| }
configure:12493: gcc -o conftest -g -O2 -pthread   conftest.c -lGL  -lm  >&5
configure:12493: $? = 0
configure:12502: result: -lGL
configure:12581: checking for g++
configure:12597: found /usr/bin/g++
configure:12608: result: g++
configure:12635: checking for C++ compiler version
configure:12644: g++ --version >&5
g++ (GCC) 4.8.3 20140624 (Red Hat 4.8.3-1)
Copyright (C) 2013 Free Software Foundation, Inc.
This is free software; see the source for copying conditions.  There is NO
warranty; not even for MERCHANTABILITY or FITNESS FOR A PARTICULAR PURPOSE.

configure:12655: $? = 0
configure:12644: g++ -v >&5
Using built-in specs.
COLLECT_GCC=g++
COLLECT_LTO_WRAPPER=/usr/libexec/gcc/x86_64-redhat-linux/4.8.3/lto-wrapper
Target: x86_64-redhat-linux
Configured with: ../configure --prefix=/usr --mandir=/usr/share/man --infodir=/usr/share/info --with-bugurl=http://bugzilla.redhat.com/bugzilla --enable-bootstrap --enable-shared --enable-threads=posix --enable-checking=release --with-system-zlib --enable-__cxa_atexit --disable-libunwind-exceptions --enable-gnu-unique-object --enable-linker-build-id --with-linker-hash-style=gnu --enable-languages=c,c++,objc,obj-c++,java,fortran,ada,go,lto --enable-plugin --enable-initfini-array --enable-java-awt=gtk --disable-dssi --with-java-home=/usr/lib/jvm/java-1.5.0-gcj-1.5.0.0/jre --enable-libgcj-multifile --enable-java-maintainer-mode --with-ecj-jar=/usr/share/java/eclipse-ecj.jar --disable-libjava-multilib --with-isl=/builddir/build/BUILD/gcc-4.8.3-20140624/obj-x86_64-redhat-linux/isl-install --with-cloog=/builddir/build/BUILD/gcc-4.8.3-20140624/obj-x86_64-redhat-linux/cloog-install --with-tune=generic --with-arch_32=i686 --build=x86_64-redhat-linux
Thread model: posix
gcc version 4.8.3 20140624 (Red Hat 4.8.3-1) (GCC) 
configure:12655: $? = 0
configure:12644: g++ -V >&5
g++: error: unrecognized command line option '-V'
g++: fatal error: no input files
compilation terminated.
configure:12655: $? = 4
configure:12644: g++ -qversion >&5
g++: error: unrecognized command line option '-qversion'
g++: fatal error: no input files
compilation terminated.
configure:12655: $? = 4
configure:12659: checking whether we are using the GNU C++ compiler
configure:12678: g++ -c   conftest.cpp >&5
configure:12678: $? = 0
configure:12687: result: yes
configure:12696: checking whether g++ accepts -g
configure:12716: g++ -c -g  conftest.cpp >&5
configure:12716: $? = 0
configure:12757: result: yes
configure:12782: checking dependency style of g++
configure:12893: result: gcc3
configure:13031: checking for C++ compiler version
configure:13040: g++ --version >&5
g++ (GCC) 4.8.3 20140624 (Red Hat 4.8.3-1)
Copyright (C) 2013 Free Software Foundation, Inc.
This is free software; see the source for copying conditions.  There is NO
warranty; not even for MERCHANTABILITY or FITNESS FOR A PARTICULAR PURPOSE.

configure:13051: $? = 0
configure:13040: g++ -v >&5
Using built-in specs.
COLLECT_GCC=g++
COLLECT_LTO_WRAPPER=/usr/libexec/gcc/x86_64-redhat-linux/4.8.3/lto-wrapper
Target: x86_64-redhat-linux
Configured with: ../configure --prefix=/usr --mandir=/usr/share/man --infodir=/usr/share/info --with-bugurl=http://bugzilla.redhat.com/bugzilla --enable-bootstrap --enable-shared --enable-threads=posix --enable-checking=release --with-system-zlib --enable-__cxa_atexit --disable-libunwind-exceptions --enable-gnu-unique-object --enable-linker-build-id --with-linker-hash-style=gnu --enable-languages=c,c++,objc,obj-c++,java,fortran,ada,go,lto --enable-plugin --enable-initfini-array --enable-java-awt=gtk --disable-dssi --with-java-home=/usr/lib/jvm/java-1.5.0-gcj-1.5.0.0/jre --enable-libgcj-multifile --enable-java-maintainer-mode --with-ecj-jar=/usr/share/java/eclipse-ecj.jar --disable-libjava-multilib --with-isl=/builddir/build/BUILD/gcc-4.8.3-20140624/obj-x86_64-redhat-linux/isl-install --with-cloog=/builddir/build/BUILD/gcc-4.8.3-20140624/obj-x86_64-redhat-linux/cloog-install --with-tune=generic --with-arch_32=i686 --build=x86_64-redhat-linux
Thread model: posix
gcc version 4.8.3 20140624 (Red Hat 4.8.3-1) (GCC) 
configure:13051: $? = 0
configure:13040: g++ -V >&5
g++: error: unrecognized command line option '-V'
g++: fatal error: no input files
compilation terminated.
configure:13051: $? = 4
configure:13040: g++ -qversion >&5
g++: error: unrecognized command line option '-qversion'
g++: fatal error: no input files
compilation terminated.
configure:13051: $? = 4
configure:13055: checking whether we are using the GNU C++ compiler
configure:13083: result: yes
configure:13092: checking whether g++ accepts -g
configure:13153: result: yes
configure:13178: checking dependency style of g++
configure:13289: result: gcc3
configure:13311: checking how to run the C++ preprocessor
configure:13338: g++ -E  conftest.cpp
configure:13338: $? = 0
configure:13352: g++ -E  conftest.cpp
conftest.cpp:25:28: fatal error: ac_nonexistent.h: No such file or directory
 #include <ac_nonexistent.h>
                            ^
compilation terminated.
configure:13352: $? = 1
configure: failed program was:
| /* confdefs.h */
| #define PACKAGE_NAME "glm"
| #define PACKAGE_TARNAME "glm"
| #define PACKAGE_VERSION "0.3.1"
| #define PACKAGE_STRING "glm 0.3.1"
| #define PACKAGE_BUGREPORT ""
| #define PACKAGE_URL ""
| #define PACKAGE "glm"
| #define VERSION "0.3.1"
| #define STDC_HEADERS 1
| #define HAVE_SYS_TYPES_H 1
| #define HAVE_SYS_STAT_H 1
| #define HAVE_STDLIB_H 1
| #define HAVE_STRING_H 1
| #define HAVE_MEMORY_H 1
| #define HAVE_STRINGS_H 1
| #define HAVE_INTTYPES_H 1
| #define HAVE_STDINT_H 1
| #define HAVE_UNISTD_H 1
| #define HAVE_DLFCN_H 1
| #define LT_OBJDIR ".libs/"
| #define HAVE_STRDUP 1
| #define HAVE_PTHREAD 1
| /* end confdefs.h.  */
| #include <ac_nonexistent.h>
configure:13377: result: g++ -E
configure:13397: g++ -E  conftest.cpp
configure:13397: $? = 0
configure:13411: g++ -E  conftest.cpp
conftest.cpp:25:28: fatal error: ac_nonexistent.h: No such file or directory
 #include <ac_nonexistent.h>
                            ^
compilation terminated.
configure:13411: $? = 1
configure: failed program was:
| /* confdefs.h */
| #define PACKAGE_NAME "glm"
| #define PACKAGE_TARNAME "glm"
| #define PACKAGE_VERSION "0.3.1"
| #define PACKAGE_STRING "glm 0.3.1"
| #define PACKAGE_BUGREPORT ""
| #define PACKAGE_URL ""
| #define PACKAGE "glm"
| #define VERSION "0.3.1"
| #define STDC_HEADERS 1
| #define HAVE_SYS_TYPES_H 1
| #define HAVE_SYS_STAT_H 1
| #define HAVE_STDLIB_H 1
| #define HAVE_STRING_H 1
| #define HAVE_MEMORY_H 1
| #define HAVE_STRINGS_H 1
| #define HAVE_INTTYPES_H 1
| #define HAVE_STDINT_H 1
| #define HAVE_UNISTD_H 1
| #define HAVE_DLFCN_H 1
| #define LT_OBJDIR ".libs/"
| #define HAVE_STRDUP 1
| #define HAVE_PTHREAD 1
| /* end confdefs.h.  */
| #include <ac_nonexistent.h>
configure:13580: checking for ld used by g++
configure:13647: result: /usr/bin/ld -m elf_x86_64
configure:13654: checking if the linker (/usr/bin/ld -m elf_x86_64) is GNU ld
configure:13669: result: yes
configure:13724: checking whether the g++ linker (/usr/bin/ld -m elf_x86_64) supports shared libraries
configure:14729: result: yes
configure:14765: g++ -c -g -O2  conftest.cpp >&5
configure:14768: $? = 0
configure:15288: checking for g++ option to produce PIC
configure:15295: result: -fPIC -DPIC
configure:15303: checking if g++ PIC flag -fPIC -DPIC works
configure:15321: g++ -c -g -O2  -fPIC -DPIC -DPIC conftest.cpp >&5
configure:15325: $? = 0
configure:15338: result: yes
configure:15361: checking if g++ static flag -static works
configure:15389: result: no
configure:15401: checking if g++ supports -c -o file.o
configure:15422: g++ -c -g -O2  -o out/conftest2.o conftest.cpp >&5
configure:15426: $? = 0
configure:15448: result: yes
configure:15453: checking if g++ supports -c -o file.o
configure:15500: result: yes
configure:15530: checking whether the g++ linker (/usr/bin/ld -m elf_x86_64) supports shared libraries
configure:15566: result: yes
configure:15707: checking dynamic linker characteristics
configure:16378: result: GNU/Linux ld.so
configure:16431: checking how to hardcode library paths into programs
configure:16456: result: immediate
configure:16498: checking for OpenGL Utility library
configure:16551: g++ -o conftest -g -O2 -pthread   conftest.cpp -lglu32 -lGL  -lm  >&5
/usr/bin/ld: cannot find -lglu32
collect2: error: ld returned 1 exit status
configure:16551: $? = 1
configure: failed program was:
| /* confdefs.h */
| #define PACKAGE_NAME "glm"
| #define PACKAGE_TARNAME "glm"
| #define PACKAGE_VERSION "0.3.1"
| #define PACKAGE_STRING "glm 0.3.1"
| #define PACKAGE_BUGREPORT ""
| #define PACKAGE_URL ""
| #define PACKAGE "glm"
| #define VERSION "0.3.1"
| #define STDC_HEADERS 1
| #define HAVE_SYS_TYPES_H 1
| #define HAVE_SYS_STAT_H 1
| #define HAVE_STDLIB_H 1
| #define HAVE_STRING_H 1
| #define HAVE_MEMORY_H 1
| #define HAVE_STRINGS_H 1
| #define HAVE_INTTYPES_H 1
| #define HAVE_STDINT_H 1
| #define HAVE_UNISTD_H 1
| #define HAVE_DLFCN_H 1
| #define LT_OBJDIR ".libs/"
| #define HAVE_STRDUP 1
| #define HAVE_PTHREAD 1
| /* end confdefs.h.  */
| 
| # if HAVE_WINDOWS_H && defined(_WIN32)
| #   include <windows.h>
| # endif
| # include <GL/glu.h>
| int
| main ()
| {
| gluBeginCurve(0)
|   ;
|   return 0;
| }
configure:16551: g++ -o conftest -g -O2 -pthread   conftest.cpp -lGLU -lGL  -lm  >&5
configure:16551: $? = 0
configure:16574: result: -lGLU
configure:16682: g++ -o conftest -g -O2   conftest.cpp   -lX11 >&5
configure:16682: $? = 0
configure:16780: checking for gethostbyname
configure:16780: g++ -o conftest -g -O2   conftest.cpp  >&5
configure:16780: $? = 0
configure:16780: result: yes
configure:16877: checking for connect
configure:16877: g++ -o conftest -g -O2   conftest.cpp  >&5
configure:16877: $? = 0
configure:16877: result: yes
configure:16926: checking for remove
configure:16926: g++ -o conftest -g -O2   conftest.cpp  >&5
configure:16926: $? = 0
configure:16926: result: yes
configure:16975: checking for shmat
configure:16975: g++ -o conftest -g -O2   conftest.cpp  >&5
configure:16975: $? = 0
configure:16975: result: yes
configure:17033: checking for IceConnectionNumber in -lICE
configure:17058: g++ -o conftest -g -O2   conftest.cpp -lICE   >&5
configure:17058: $? = 0
configure:17067: result: yes
configure:17102: checking for GLUT library
configure:17133: gcc -o conftest -g -O2 -pthread   conftest.c -lglut32  -lSM -lICE -lXmu -lXi  -lGLU -lGL  -lm  >&5
/usr/bin/ld: cannot find -lglut32
/usr/bin/ld: cannot find -lXmu
collect2: error: ld returned 1 exit status
configure:17133: $? = 1
configure: failed program was:
| /* confdefs.h */
| #define PACKAGE_NAME "glm"
| #define PACKAGE_TARNAME "glm"
| #define PACKAGE_VERSION "0.3.1"
| #define PACKAGE_STRING "glm 0.3.1"
| #define PACKAGE_BUGREPORT ""
| #define PACKAGE_URL ""
| #define PACKAGE "glm"
| #define VERSION "0.3.1"
| #define STDC_HEADERS 1
| #define HAVE_SYS_TYPES_H 1
| #define HAVE_SYS_STAT_H 1
| #define HAVE_STDLIB_H 1
| #define HAVE_STRING_H 1
| #define HAVE_MEMORY_H 1
| #define HAVE_STRINGS_H 1
| #define HAVE_INTTYPES_H 1
| #define HAVE_STDINT_H 1
| #define HAVE_UNISTD_H 1
| #define HAVE_DLFCN_H 1
| #define LT_OBJDIR ".libs/"
| #define HAVE_STRDUP 1
| #define HAVE_PTHREAD 1
| /* end confdefs.h.  */
| 
| # if HAVE_WINDOWS_H && defined(_WIN32)
| #   include <windows.h>
| # endif
| # include <GL/glut.h>
| int
| main ()
| {
| glutMainLoop()
|   ;
|   return 0;
| }
configure:17133: gcc -o conftest -g -O2 -pthread   conftest.c -lglut  -lSM -lICE -lXmu -lXi  -lGLU -lGL  -lm  >&5
/usr/bin/ld: cannot find -lXmu
collect2: error: ld returned 1 exit status
configure:17133: $? = 1
configure: failed program was:
| /* confdefs.h */
| #define PACKAGE_NAME "glm"
| #define PACKAGE_TARNAME "glm"
| #define PACKAGE_VERSION "0.3.1"
| #define PACKAGE_STRING "glm 0.3.1"
| #define PACKAGE_BUGREPORT ""
| #define PACKAGE_URL ""
| #define PACKAGE "glm"
| #define VERSION "0.3.1"
| #define STDC_HEADERS 1
| #define HAVE_SYS_TYPES_H 1
| #define HAVE_SYS_STAT_H 1
| #define HAVE_STDLIB_H 1
| #define HAVE_STRING_H 1
| #define HAVE_MEMORY_H 1
| #define HAVE_STRINGS_H 1
| #define HAVE_INTTYPES_H 1
| #define HAVE_STDINT_H 1
| #define HAVE_UNISTD_H 1
| #define HAVE_DLFCN_H 1
| #define LT_OBJDIR ".libs/"
| #define HAVE_STRDUP 1
| #define HAVE_PTHREAD 1
| /* end confdefs.h.  */
| 
| # if HAVE_WINDOWS_H && defined(_WIN32)
| #   include <windows.h>
| # endif
| # include <GL/glut.h>
| int
| main ()
| {
| glutMainLoop()
|   ;
|   return 0;
| }
configure:17143: result: no
configure:17183: checking for GLUI library
configure:17214: g++ -o conftest -g -O2    conftest.cpp -lglui32   >&5
conftest.cpp:29:22: fatal error: GL/glui.h: No such file or directory
 # include <GL/glui.h>
                      ^
compilation terminated.
configure:17214: $? = 1
configure: failed program was:
| /* confdefs.h */
| #define PACKAGE_NAME "glm"
| #define PACKAGE_TARNAME "glm"
| #define PACKAGE_VERSION "0.3.1"
| #define PACKAGE_STRING "glm 0.3.1"
| #define PACKAGE_BUGREPORT ""
| #define PACKAGE_URL ""
| #define PACKAGE "glm"
| #define VERSION "0.3.1"
| #define STDC_HEADERS 1
| #define HAVE_SYS_TYPES_H 1
| #define HAVE_SYS_STAT_H 1
| #define HAVE_STDLIB_H 1
| #define HAVE_STRING_H 1
| #define HAVE_MEMORY_H 1
| #define HAVE_STRINGS_H 1
| #define HAVE_INTTYPES_H 1
| #define HAVE_STDINT_H 1
| #define HAVE_UNISTD_H 1
| #define HAVE_DLFCN_H 1
| #define LT_OBJDIR ".libs/"
| #define HAVE_STRDUP 1
| #define HAVE_PTHREAD 1
| /* end confdefs.h.  */
| 
| # if HAVE_WINDOWS_H && defined(_WIN32)
| #   include <windows.h>
| # endif
| # include <GL/glui.h>
| int
| main ()
| {
| GLUI_Master.set_glutSpecialFunc( NULL );glutMainLoop()
|   ;
|   return 0;
| }
configure:17214: g++ -o conftest -g -O2    conftest.cpp -lglui   >&5
conftest.cpp:29:22: fatal error: GL/glui.h: No such file or directory
 # include <GL/glui.h>
                      ^
compilation terminated.
configure:17214: $? = 1
configure: failed program was:
| /* confdefs.h */
| #define PACKAGE_NAME "glm"
| #define PACKAGE_TARNAME "glm"
| #define PACKAGE_VERSION "0.3.1"
| #define PACKAGE_STRING "glm 0.3.1"
| #define PACKAGE_BUGREPORT ""
| #define PACKAGE_URL ""
| #define PACKAGE "glm"
| #define VERSION "0.3.1"
| #define STDC_HEADERS 1
| #define HAVE_SYS_TYPES_H 1
| #define HAVE_SYS_STAT_H 1
| #define HAVE_STDLIB_H 1
| #define HAVE_STRING_H 1
| #define HAVE_MEMORY_H 1
| #define HAVE_STRINGS_H 1
| #define HAVE_INTTYPES_H 1
| #define HAVE_STDINT_H 1
| #define HAVE_UNISTD_H 1
| #define HAVE_DLFCN_H 1
| #define LT_OBJDIR ".libs/"
| #define HAVE_STRDUP 1
| #define HAVE_PTHREAD 1
| /* end confdefs.h.  */
| 
| # if HAVE_WINDOWS_H && defined(_WIN32)
| #   include <windows.h>
| # endif
| # include <GL/glui.h>
| int
| main ()
| {
| GLUI_Master.set_glutSpecialFunc( NULL );glutMainLoop()
|   ;
|   return 0;
| }
configure:17224: result: no
configure:17264: checking for jpeg_destroy_decompress in -ljpeg
configure:17289: gcc -o conftest -g -O2   conftest.c -ljpeg -lm  >&5
configure:17289: $? = 0
configure:17298: result: yes
configure:17309: checking for jpeglib.h
configure:17318: gcc -E  conftest.c
configure:17318: $? = 0
configure:17324: result: yes
configure:17339: checking for png_create_read_struct in -lpng
configure:17364: gcc -o conftest -g -O2   conftest.c -lpng -lz  >&5
configure:17364: $? = 0
configure:17373: result: yes
configure:17383: checking for uncompress in -lz
configure:17408: gcc -o conftest -g -O2   conftest.c -lz   >&5
configure:17408: $? = 0
configure:17417: result: yes
configure:17540: checking for ilInit in -lIL
configure:17565: gcc -o conftest -g -O2   conftest.c -lIL -lm  >&5
/usr/bin/ld: cannot find -lIL
collect2: error: ld returned 1 exit status
configure:17565: $? = 1
configure: failed program was:
| /* confdefs.h */
| #define PACKAGE_NAME "glm"
| #define PACKAGE_TARNAME "glm"
| #define PACKAGE_VERSION "0.3.1"
| #define PACKAGE_STRING "glm 0.3.1"
| #define PACKAGE_BUGREPORT ""
| #define PACKAGE_URL ""
| #define PACKAGE "glm"
| #define VERSION "0.3.1"
| #define STDC_HEADERS 1
| #define HAVE_SYS_TYPES_H 1
| #define HAVE_SYS_STAT_H 1
| #define HAVE_STDLIB_H 1
| #define HAVE_STRING_H 1
| #define HAVE_MEMORY_H 1
| #define HAVE_STRINGS_H 1
| #define HAVE_INTTYPES_H 1
| #define HAVE_STDINT_H 1
| #define HAVE_UNISTD_H 1
| #define HAVE_DLFCN_H 1
| #define LT_OBJDIR ".libs/"
| #define HAVE_STRDUP 1
| #define HAVE_PTHREAD 1
| #define HAVE_LIBJPEG 1
| #define HAVE_LIBPNG 1
| /* end confdefs.h.  */
| 
| /* Override any GCC internal prototype to avoid an error.
|    Use char because int might match the return type of a GCC
|    builtin and then its argument prototype would still apply.  */
| #ifdef __cplusplus
| extern "C"
| #endif
| char ilInit ();
| int
| main ()
| {
| return ilInit ();
|   ;
|   return 0;
| }
configure:17574: result: no
configure:17580: WARNING: *** DevIL library not found ***
configure:17754: WARNING: *** Not using the simage library for loading textures (http://www.coin3d.org)
configure:17897: checking that generated files are newer than configure
configure:17903: result: done
configure:17954: creating ./config.status

## ---------------------- ##
## Running config.status. ##
## ---------------------- ##

This file was extended by glm config.status 0.3.1, which was
generated by GNU Autoconf 2.69.  Invocation command line was

  CONFIG_FILES    = 
  CONFIG_HEADERS  = 
  CONFIG_LINKS    = 
  CONFIG_COMMANDS = 
  $ ./config.status 

on localhost.localdomain

config.status:1187: creating Makefile
config.status:1187: creating glm/Makefile
config.status:1187: creating examples/Makefile
config.status:1187: creating m4/Makefile
config.status:1187: creating glm.spec
config.status:1187: creating config.h
config.status:1416: executing depfiles commands
config.status:1416: executing libtool commands
configure:20443: WARNING: unrecognized options: --enable-maintainer-mode

## ---------------- ##
## Cache variables. ##
## ---------------- ##

ac_cv_build=x86_64-redhat-linux-gnu
ac_cv_c_compiler_gnu=yes
ac_cv_c_inline=inline
ac_cv_cxx_compiler_gnu=yes
ac_cv_env_CCC_set=
ac_cv_env_CCC_value=
ac_cv_env_CC_set=
ac_cv_env_CC_value=
ac_cv_env_CFLAGS_set=
ac_cv_env_CFLAGS_value=
ac_cv_env_CPPFLAGS_set=
ac_cv_env_CPPFLAGS_value=
ac_cv_env_CPP_set=
ac_cv_env_CPP_value=
ac_cv_env_CXXCPP_set=
ac_cv_env_CXXCPP_value=
ac_cv_env_CXXFLAGS_set=
ac_cv_env_CXXFLAGS_value=
ac_cv_env_CXX_set=
ac_cv_env_CXX_value=
ac_cv_env_LDFLAGS_set=
ac_cv_env_LDFLAGS_value=
ac_cv_env_LIBS_set=
ac_cv_env_LIBS_value=
ac_cv_env_XMKMF_set=
ac_cv_env_XMKMF_value=
ac_cv_env_build_alias_set=
ac_cv_env_build_alias_value=
ac_cv_env_host_alias_set=
ac_cv_env_host_alias_value=
ac_cv_env_target_alias_set=
ac_cv_env_target_alias_value=
ac_cv_func_connect=yes
ac_cv_func_gethostbyname=yes
ac_cv_func_remove=yes
ac_cv_func_shmat=yes
ac_cv_func_strdup=yes
ac_cv_have_x='have_x=yes	ac_x_includes='\'''\''	ac_x_libraries='\'''\'''
ac_cv_header_dlfcn_h=yes
ac_cv_header_inttypes_h=yes
ac_cv_header_memory_h=yes
ac_cv_header_stdc=yes
ac_cv_header_stdint_h=yes
ac_cv_header_stdlib_h=yes
ac_cv_header_string_h=yes
ac_cv_header_strings_h=yes
ac_cv_header_sys_stat_h=yes
ac_cv_header_sys_types_h=yes
ac_cv_header_unistd_h=yes
ac_cv_header_windows_h=no
ac_cv_host=x86_64-redhat-linux-gnu
ac_cv_lib_ICE_IceConnectionNumber=yes
ac_cv_lib_IL_ilInit=no
ac_cv_lib_jpeg_jpeg_destroy_decompress=yes
ac_cv_lib_png_png_create_read_struct=yes
ac_cv_lib_z_uncompress=yes
ac_cv_objext=o
ac_cv_path_EGREP='/usr/bin/grep -E'
ac_cv_path_FGREP='/usr/bin/grep -F'
ac_cv_path_GREP=/usr/bin/grep
ac_cv_path_SED=/usr/bin/sed
ac_cv_path_install='/usr/bin/install -c'
ac_cv_path_mkdir=/usr/bin/mkdir
ac_cv_prog_AWK=gawk
ac_cv_prog_CPP='gcc -E'
ac_cv_prog_CXXCPP='g++ -E'
ac_cv_prog_PTHREAD_CC=gcc
ac_cv_prog_ac_ct_AR=ar
ac_cv_prog_ac_ct_CC=gcc
ac_cv_prog_ac_ct_CXX=g++
ac_cv_prog_ac_ct_OBJDUMP=objdump
ac_cv_prog_ac_ct_RANLIB=ranlib
ac_cv_prog_ac_ct_STRIP=strip
ac_cv_prog_cc_c89=
ac_cv_prog_cc_g=yes
ac_cv_prog_cc_gcc_c_o=yes
ac_cv_prog_cxx_g=yes
ac_cv_prog_make_make_set=yes
ac_cv_target=x86_64-redhat-linux-gnu
am_cv_CC_dependencies_compiler_type=gcc3
am_cv_CXX_dependencies_compiler_type=gcc3
am_cv_make_support_nested_variables=yes
ax_cv_c_compiler_ms=no
ax_cv_check_gl_libgl=-lGL
ax_cv_check_glu_libglu=-lGLU
ax_cv_check_glui_libglui=no
ax_cv_check_glut_libglut=no
lt_cv_ar_at_file=@
lt_cv_deplibs_check_method=pass_all
lt_cv_file_magic_cmd='$MAGIC_CMD'
lt_cv_file_magic_test_file=
lt_cv_ld_reload_flag=-r
lt_cv_nm_interface='BSD nm'
lt_cv_objdir=.libs
lt_cv_path_LD=/usr/bin/ld
lt_cv_path_LDCXX='/usr/bin/ld -m elf_x86_64'
lt_cv_path_NM='/usr/bin/nm -B'
lt_cv_path_mainfest_tool=no
lt_cv_prog_compiler_c_o=yes
lt_cv_prog_compiler_c_o_CXX=yes
lt_cv_prog_compiler_pic='-fPIC -DPIC'
lt_cv_prog_compiler_pic_CXX='-fPIC -DPIC'
lt_cv_prog_compiler_pic_works=yes
lt_cv_prog_compiler_pic_works_CXX=yes
lt_cv_prog_compiler_rtti_exceptions=no
lt_cv_prog_compiler_static_works=yes
lt_cv_prog_compiler_static_works_CXX=no
lt_cv_prog_gnu_ld=yes
lt_cv_prog_gnu_ldcxx=yes
lt_cv_sharedlib_from_linklib_cmd='printf %s\n'
lt_cv_shlibpath_overrides_runpath=no
lt_cv_sys_global_symbol_pipe='sed -n -e '\''s/^.*[	 ]\([ABCDGIRSTW][ABCDGIRSTW]*\)[	 ][	 ]*\([_A-Za-z][_A-Za-z0-9]*\)$/\1 \2 \2/p'\'' | sed '\''/ __gnu_lto/d'\'''
lt_cv_sys_global_symbol_to_c_name_address='sed -n -e '\''s/^: \([^ ]*\)[ ]*$/  {\"\1\", (void *) 0},/p'\'' -e '\''s/^[ABCDGIRSTW]* \([^ ]*\) \([^ ]*\)$/  {"\2", (void *) \&\2},/p'\'''
lt_cv_sys_global_symbol_to_c_name_address_lib_prefix='sed -n -e '\''s/^: \([^ ]*\)[ ]*$/  {\"\1\", (void *) 0},/p'\'' -e '\''s/^[ABCDGIRSTW]* \([^ ]*\) \(lib[^ ]*\)$/  {"\2", (void *) \&\2},/p'\'' -e '\''s/^[ABCDGIRSTW]* \([^ ]*\) \([^ ]*\)$/  {"lib\2", (void *) \&\2},/p'\'''
lt_cv_sys_global_symbol_to_cdecl='sed -n -e '\''s/^T .* \(.*\)$/extern int \1();/p'\'' -e '\''s/^[ABCDGIRSTW]* .* \(.*\)$/extern char \1;/p'\'''
lt_cv_sys_max_cmd_len=1572864
lt_cv_to_host_file_cmd=func_convert_file_noop
lt_cv_to_tool_file_cmd=func_convert_file_noop

## ----------------- ##
## Output variables. ##
## ----------------- ##

ACLOCAL='aclocal-1.13'
AMDEPBACKSLASH='\'
AMDEP_FALSE='#'
AMDEP_TRUE=''
AMTAR='$${TAR-tar}'
AM_BACKSLASH='\'
AM_DEFAULT_V='$(AM_DEFAULT_VERBOSITY)'
AM_DEFAULT_VERBOSITY='1'
AM_V='$(V)'
AR='ar'
AUTOCONF='autoconf'
AUTOHEADER='autoheader'
AUTOMAKE='automake-1.13'
AWK='gawk'
CC='gcc'
CCDEPMODE='depmode=gcc3'
CFLAGS='-g -O2'
CPP='gcc -E'
CPPFLAGS=''
CXX='g++'
CXXCPP='g++ -E'
CXXDEPMODE='depmode=gcc3'
CXXFLAGS='-g -O2'
CYGPATH_W='echo'
DEFS='-DHAVE_CONFIG_H'
DEPDIR='.deps'
DEVILLIBS=''
DLLTOOL='false'
DSYMUTIL=''
DUMPBIN=''
ECHO_C=''
ECHO_N='-n'
ECHO_T=''
EGREP='/usr/bin/grep -E'
EXEEXT=''
FGREP='/usr/bin/grep -F'
GLUI_CFLAGS=''
GLUI_LIBS=''
GLUT_CFLAGS=''
GLUT_LIBS=''
GLU_CFLAGS='-pthread'
GLU_LIBS='-lGLU -lGL  -lm'
GL_CFLAGS='-pthread'
GL_LIBS='-lGL  -lm'
GREP='/usr/bin/grep'
HAVE_GIF_FALSE=''
HAVE_GIF_TRUE='#'
HAVE_GLUI_FALSE=''
HAVE_GLUI_TRUE='#'
HAVE_GLUT_FALSE=''
HAVE_GLUT_TRUE='#'
HAVE_SDL_IMAGE_FALSE=''
HAVE_SDL_IMAGE_TRUE='#'
HAVE_TIFF_FALSE=''
HAVE_TIFF_TRUE='#'
INSTALL_DATA='${INSTALL} -m 644'
INSTALL_PROGRAM='${INSTALL}'
INSTALL_SCRIPT='${INSTALL}'
INSTALL_STRIP_PROGRAM='$(install_sh) -c -s'
JPEGLIBS='-ljpeg'
LD='/usr/bin/ld -m elf_x86_64'
LDFLAGS=''
LIBOBJS=''
LIBS=''
LIBTOOL='$(SHELL) $(top_builddir)/libtool'
LIPO=''
LN_S='ln -s'
LTLIBOBJS=''
MAKEINFO='makeinfo'
MANIFEST_TOOL=':'
MKDIR_P='/usr/bin/mkdir -p'
NM='/usr/bin/nm -B'
NMEDIT=''
OBJDUMP='objdump'
OBJEXT='o'
OTOOL64=''
OTOOL=''
PACKAGE='glm'
PACKAGE_BUGREPORT=''
PACKAGE_NAME='glm'
PACKAGE_STRING='glm 0.3.1'
PACKAGE_TARNAME='glm'
PACKAGE_URL=''
PACKAGE_VERSION='0.3.1'
PATH_SEPARATOR=':'
PTHREAD_CC='gcc'
PTHREAD_CFLAGS='-pthread'
PTHREAD_LIBS=''
RANLIB='ranlib'
SDL_IMAGELIBS=''
SED='/usr/bin/sed'
SET_MAKE=''
SHELL='/bin/sh'
STRIP='strip'
SUPPORT_LIBS=' -ljpeg -lpng -lz'
VERSION='0.3.1'
WARN_CFLAGS='-Wall -Wmissing-prototypes '
XMKMF=''
X_CFLAGS=''
X_EXTRA_LIBS=''
X_LIBS=''
X_PRE_LIBS=' -lSM -lICE'
ac_ct_AR='ar'
ac_ct_CC='gcc'
ac_ct_CXX='g++'
ac_ct_DUMPBIN=''
am__EXEEXT_FALSE=''
am__EXEEXT_TRUE='#'
am__fastdepCC_FALSE='#'
am__fastdepCC_TRUE=''
am__fastdepCXX_FALSE='#'
am__fastdepCXX_TRUE=''
am__include='include'
am__isrc=''
am__leading_dot='.'
am__nodep='_no'
am__quote=''
am__tar='$${TAR-tar} chof - "$$tardir"'
am__untar='$${TAR-tar} xf -'
bindir='${exec_prefix}/bin'
build='x86_64-redhat-linux-gnu'
build_alias=''
build_cpu='x86_64'
build_os='linux-gnu'
build_vendor='redhat'
datadir='${datarootdir}'
datarootdir='${prefix}/share'
docdir='${datarootdir}/doc/${PACKAGE_TARNAME}'
dvidir='${docdir}'
exec_prefix='${prefix}'
host='x86_64-redhat-linux-gnu'
host_alias=''
host_cpu='x86_64'
host_os='linux-gnu'
host_vendor='redhat'
htmldir='${docdir}'
includedir='${prefix}/include'
infodir='${datarootdir}/info'
install_sh='${SHELL} /home/ninhld/Documents/OpenGL/Research/lib3ds-model/glm/glm-0.3.1/install-sh'
libdir='${exec_prefix}/lib'
libexecdir='${exec_prefix}/libexec'
localedir='${datarootdir}/locale'
localstatedir='${prefix}/var'
mandir='${datarootdir}/man'
mkdir_p='$(MKDIR_P)'
oldincludedir='/usr/include'
pdfdir='${docdir}'
prefix='/usr/local'
program_transform_name='s,x,x,'
psdir='${docdir}'
sbindir='${exec_prefix}/sbin'
sharedstatedir='${prefix}/com'
sim_ac_simage_configcmd=''
sysconfdir='${prefix}/etc'
target='x86_64-redhat-linux-gnu'
target_alias=''
target_cpu='x86_64'
target_os='linux-gnu'
target_vendor='redhat'

## ----------- ##
## confdefs.h. ##
## ----------- ##

/* confdefs.h */
#define PACKAGE_NAME "glm"
#define PACKAGE_TARNAME "glm"
#define PACKAGE_VERSION "0.3.1"
#define PACKAGE_STRING "glm 0.3.1"
#define PACKAGE_BUGREPORT ""
#define PACKAGE_URL ""
#define PACKAGE "glm"
#define VERSION "0.3.1"
#define STDC_HEADERS 1
#define HAVE_SYS_TYPES_H 1
#define HAVE_SYS_STAT_H 1
#define HAVE_STDLIB_H 1
#define HAVE_STRING_H 1
#define HAVE_MEMORY_H 1
#define HAVE_STRINGS_H 1
#define HAVE_INTTYPES_H 1
#define HAVE_STDINT_H 1
#define HAVE_UNISTD_H 1
#define HAVE_DLFCN_H 1
#define LT_OBJDIR ".libs/"
#define HAVE_STRDUP 1
#define HAVE_PTHREAD 1
#define HAVE_LIBJPEG 1
#define HAVE_LIBPNG 1

configure: exit 0
